C:\Program Files (x86)\Microsoft Visual Studio\2019\Community\MSBuild\Microsoft\VC\v160\Microsoft.CppBuild.targets(513,5): warning MSB8028: El directorio intermedio (Debug\) contiene archivos compartidos de otro proyecto (Practica_1.vcxproj). Esto puede dar lugar a un comportamiento incorrecto de limpieza y recompilación.
  main.cpp
D:\UNIVERSIDAD\2022-1\6_GRÁFICA_LAB\PROYECTO_TEORIA\TBBT_Xmas\TBBT_Xmas\main.cpp(164,24): warning C4244: 'inicializando': conversión de 'double' a 'GLfloat'; posible pérdida de datos
D:\UNIVERSIDAD\2022-1\6_GRÁFICA_LAB\PROYECTO_TEORIA\TBBT_Xmas\TBBT_Xmas\main.cpp(196,21): warning C4244: '=': conversión de 'double' a 'T'; posible pérdida de datos
          with
          [
              T=float
          ]
D:\UNIVERSIDAD\2022-1\6_GRÁFICA_LAB\PROYECTO_TEORIA\TBBT_Xmas\TBBT_Xmas\main.cpp(197,21): warning C4244: '=': conversión de 'double' a 'T'; posible pérdida de datos
          with
          [
              T=float
          ]
D:\UNIVERSIDAD\2022-1\6_GRÁFICA_LAB\PROYECTO_TEORIA\TBBT_Xmas\TBBT_Xmas\main.cpp(198,21): warning C4244: '=': conversión de 'double' a 'T'; posible pérdida de datos
          with
          [
              T=float
          ]
D:\UNIVERSIDAD\2022-1\6_GRÁFICA_LAB\PROYECTO_TEORIA\TBBT_Xmas\TBBT_Xmas\main.cpp(202,22): warning C4244: '=': conversión de 'double' a 'T'; posible pérdida de datos
          with
          [
              T=float
          ]
D:\UNIVERSIDAD\2022-1\6_GRÁFICA_LAB\PROYECTO_TEORIA\TBBT_Xmas\TBBT_Xmas\main.cpp(203,22): warning C4244: '=': conversión de 'double' a 'T'; posible pérdida de datos
          with
          [
              T=float
          ]
D:\UNIVERSIDAD\2022-1\6_GRÁFICA_LAB\PROYECTO_TEORIA\TBBT_Xmas\TBBT_Xmas\main.cpp(204,22): warning C4244: '=': conversión de 'double' a 'T'; posible pérdida de datos
          with
          [
              T=float
          ]
D:\UNIVERSIDAD\2022-1\6_GRÁFICA_LAB\PROYECTO_TEORIA\TBBT_Xmas\TBBT_Xmas\main.cpp(208,22): warning C4244: '=': conversión de 'double' a 'T'; posible pérdida de datos
          with
          [
              T=float
          ]
D:\UNIVERSIDAD\2022-1\6_GRÁFICA_LAB\PROYECTO_TEORIA\TBBT_Xmas\TBBT_Xmas\main.cpp(209,22): warning C4244: '=': conversión de 'double' a 'T'; posible pérdida de datos
          with
          [
              T=float
          ]
D:\UNIVERSIDAD\2022-1\6_GRÁFICA_LAB\PROYECTO_TEORIA\TBBT_Xmas\TBBT_Xmas\main.cpp(210,22): warning C4244: '=': conversión de 'double' a 'T'; posible pérdida de datos
          with
          [
              T=float
          ]
D:\UNIVERSIDAD\2022-1\6_GRÁFICA_LAB\PROYECTO_TEORIA\TBBT_Xmas\TBBT_Xmas\main.cpp(214,22): warning C4244: '=': conversión de 'double' a 'T'; posible pérdida de datos
          with
          [
              T=float
          ]
D:\UNIVERSIDAD\2022-1\6_GRÁFICA_LAB\PROYECTO_TEORIA\TBBT_Xmas\TBBT_Xmas\main.cpp(215,22): warning C4244: '=': conversión de 'double' a 'T'; posible pérdida de datos
          with
          [
              T=float
          ]
D:\UNIVERSIDAD\2022-1\6_GRÁFICA_LAB\PROYECTO_TEORIA\TBBT_Xmas\TBBT_Xmas\main.cpp(216,22): warning C4244: '=': conversión de 'double' a 'T'; posible pérdida de datos
          with
          [
              T=float
          ]
D:\UNIVERSIDAD\2022-1\6_GRÁFICA_LAB\PROYECTO_TEORIA\TBBT_Xmas\TBBT_Xmas\main.cpp(391,17): warning C4305: '+=': truncamiento de 'double' a 'float'
D:\UNIVERSIDAD\2022-1\6_GRÁFICA_LAB\PROYECTO_TEORIA\TBBT_Xmas\TBBT_Xmas\main.cpp(397,17): warning C4305: '-=': truncamiento de 'double' a 'float'
D:\UNIVERSIDAD\2022-1\6_GRÁFICA_LAB\PROYECTO_TEORIA\TBBT_Xmas\TBBT_Xmas\main.cpp(403,21): warning C4305: '+=': truncamiento de 'double' a 'float'
D:\UNIVERSIDAD\2022-1\6_GRÁFICA_LAB\PROYECTO_TEORIA\TBBT_Xmas\TBBT_Xmas\main.cpp(409,21): warning C4305: '-=': truncamiento de 'double' a 'float'
D:\UNIVERSIDAD\2022-1\6_GRÁFICA_LAB\PROYECTO_TEORIA\TBBT_Xmas\TBBT_Xmas\main.cpp(514,11): warning C4244: '=': conversión de 'double' a 'GLfloat'; posible pérdida de datos
D:\UNIVERSIDAD\2022-1\6_GRÁFICA_LAB\PROYECTO_TEORIA\TBBT_Xmas\TBBT_Xmas\main.cpp(515,11): warning C4244: '=': conversión de 'double' a 'GLfloat'; posible pérdida de datos
D:\UNIVERSIDAD\2022-1\6_GRÁFICA_LAB\PROYECTO_TEORIA\TBBT_Xmas\TBBT_Xmas\main.cpp(519,18): warning C4244: 'inicializando': conversión de 'double' a 'GLfloat'; posible pérdida de datos
D:\UNIVERSIDAD\2022-1\6_GRÁFICA_LAB\PROYECTO_TEORIA\TBBT_Xmas\TBBT_Xmas\main.cpp(520,18): warning C4244: 'inicializando': conversión de 'double' a 'GLfloat'; posible pérdida de datos
D:\UNIVERSIDAD\2022-1\6_GRÁFICA_LAB\PROYECTO_TEORIA\TBBT_Xmas\TBBT_Xmas\main.cpp(522,10): warning C4244: '=': conversión de 'double' a 'GLfloat'; posible pérdida de datos
D:\UNIVERSIDAD\2022-1\6_GRÁFICA_LAB\PROYECTO_TEORIA\TBBT_Xmas\TBBT_Xmas\main.cpp(523,10): warning C4244: '=': conversión de 'double' a 'GLfloat'; posible pérdida de datos
  TBBT_Xmas.vcxproj -> D:\UNIVERSIDAD\2022-1\6_GRÁFICA_LAB\PROYECTO_TEORIA\TBBT_Xmas\Debug\TBBT_Xmas.exe
